#
# A fatal error has been detected by the Java Runtime Environment:
#
#  SIGSEGV (0xb) at pc=0x00007fff9e383b5d, pid=32835, tid=2059
#
# JRE version: Java(TM) SE Runtime Environment (8.0_77-b03) (build 1.8.0_77-b03)
# Java VM: Java HotSpot(TM) 64-Bit Server VM (25.77-b03 mixed mode bsd-amd64 compressed oops)
# Problematic frame:
# C  [libobjc.A.dylib+0x6b5d]  objc_msgSend+0x1d
#
# Failed to write core dump. Core dumps have been disabled. To enable core dumping, try "ulimit -c unlimited" before starting Java again
#
# If you would like to submit a bug report, please visit:
#   http://bugreport.java.com/bugreport/crash.jsp
# The crash happened outside the Java Virtual Machine in native code.
# See problematic frame for where to report the bug.
#

---------------  T H R E A D  ---------------

Current thread (0x00007ff791065800):  JavaThread "AppKit Thread" daemon [_thread_in_native, id=2059, stack(0x00007fff5250a000,0x00007fff52d0a000)]

siginfo: si_signo: 11 (SIGSEGV), si_code: 1 (SEGV_MAPERR), si_addr: 0x0000000000000018

Registers:
RAX=0x0000000000000000, RBX=0x00007ff790f45850, RCX=0x0000000000000000, RDX=0x00000000000fbfb0
RSP=0x00007fff52d046d8, RBP=0x00007fff52d04700, RSI=0x00007fff8845e656, RDI=0x00007ff790f559d0
R8 =0x0000000000000003, R9 =0x0000000000000000, R10=0x0000000000000000, R11=0x00007fff8845e656
R12=0x0000000000000094, R13=0x00007fff88443787, R14=0x00007ff790f559d0, R15=0x0000000000000000
RIP=0x00007fff9e383b5d, EFLAGS=0x0000000000010246, ERR=0x0000000000000004
  TRAPNO=0x000000000000000e

Top of Stack: (sp=0x00007fff52d046d8)
0x00007fff52d046d8:   0000000129905598 00007ff790f45850
0x00007fff52d046e8:   0000000129939c60 00007ff790c4ccf0
0x00007fff52d046f8:   00007ff790c4ccf0 00007fff52d04c70
0x00007fff52d04708:   00007fff87a1ce1a 0000000000000000
0x00007fff52d04718:   0000000000000000 4084000000000000
0x00007fff52d04728:   407e000000000000 0000000000000000
0x00007fff52d04738:   0000000000000000 4084000000000000
0x00007fff52d04748:   407e000000000000 00007fff52d04770
0x00007fff52d04758:   00007fff8a3c15f8 0000000000000680
0x00007fff52d04768:   ffff80086f0cfe60 00007ff790f301a0
0x00007fff52d04778:   00007fffa78b4480 00007fff52d047e0
0x00007fff52d04788:   00007fff9e38bd13 00007fffa78b4b00
0x00007fff52d04798:   0000000188403f00 00007ff790f301a0
0x00007fff52d047a8:   ffff80086f0cfe60 00007ff7911a2650
0x00007fff52d047b8:   00007ff790e59a50 00007fff88403f00
0x00007fff52d047c8:   00007ff790f45850 00007fff9e383b40
0x00007fff52d047d8:   00007fff52d04840 00007fff52d04830
0x00007fff52d047e8:   00007fff8808281f 401c000000000000
0x00007fff52d047f8:   407e400000000000 402c000000000000
0x00007fff52d04808:   0000000000000000 00007fff00000000
0x00007fff52d04818:   0000000000000000 00007fff88417010
0x00007fff52d04828:   00007ff790e59a00 0000000152d04880
0x00007fff52d04838:   00007ff790e59a50 0000000000000088
0x00007fff52d04848:   00007ff790c54c50 012c000000000000
0x00007fff52d04858:   00007ff790f45850 00007fff52d04880
0x00007fff52d04868:   00007ff790e59a50 00007fff52d04950
0x00007fff52d04878:   00007ff790e59a50 00007fff52d048c0
0x00007fff52d04888:   00007fff87ad5572 401c000000000000
0x00007fff52d04898:   407e300000000000 402c000000000000
0x00007fff52d048a8:   4030000000000000 00007fff52d04950
0x00007fff52d048b8:   00007ff790e59a50 00007fff52d04940
0x00007fff52d048c8:   00007fff87ad5514 401c000000000000 

Instructions: (pc=0x00007fff9e383b5d)
0x00007fff9e383b3d:   0f 1f 00 48 85 ff 2e 74 62 40 f6 c7 01 2e 75 66
0x00007fff9e383b4d:   49 ba f8 ff ff ff ff 7f 00 00 4c 23 17 49 89 f3
0x00007fff9e383b5d:   45 23 5a 18 49 c1 e3 04 4d 03 5a 10 49 3b 33 75
0x00007fff9e383b6d:   04 41 ff 63 08 49 83 3b 01 76 0d 49 83 c3 10 49 

Register to memory mapping:

RAX=0x0000000000000000 is an unknown value
RBX=0x00007ff790f45850 is an unknown value
RCX=0x0000000000000000 is an unknown value
RDX=0x00000000000fbfb0 is an unknown value
RSP=0x00007fff52d046d8 is pointing into the stack for thread: 0x00007ff791065800
RBP=0x00007fff52d04700 is pointing into the stack for thread: 0x00007ff791065800
RSI=0x00007fff8845e656: __NSStyleNameIndexTable+0xcd969 in /System/Library/Frameworks/AppKit.framework/Versions/C/AppKit at 0x00007fff87880000
RDI=0x00007ff790f559d0 is an unknown value
R8 =0x0000000000000003 is an unknown value
R9 =0x0000000000000000 is an unknown value
R10=0x0000000000000000 is an unknown value
R11=0x00007fff8845e656: __NSStyleNameIndexTable+0xcd969 in /System/Library/Frameworks/AppKit.framework/Versions/C/AppKit at 0x00007fff87880000
R12=0x0000000000000094 is an unknown value
R13=0x00007fff88443787: __NSStyleNameIndexTable+0xb2a9a in /System/Library/Frameworks/AppKit.framework/Versions/C/AppKit at 0x00007fff87880000
R14=0x00007ff790f559d0 is an unknown value
R15=0x0000000000000000 is an unknown value


Stack: [0x00007fff5250a000,0x00007fff52d0a000],  sp=0x00007fff52d046d8,  free space=8169k
Native frames: (J=compiled Java code, j=interpreted, Vv=VM code, C=native code)
C  [libobjc.A.dylib+0x6b5d]  objc_msgSend+0x1d
C  [AppKit+0x19ce1a]  -[NSView _recursiveDisplayRectIfNeededIgnoringOpacity:isVisibleRect:rectIsVisibleRectForView:topView:]+0x6ee
C  [AppKit+0x19d670]  -[NSView _recursiveDisplayRectIfNeededIgnoringOpacity:isVisibleRect:rectIsVisibleRectForView:topView:]+0xf44
C  [AppKit+0x19c24f]  -[NSThemeFrame _recursiveDisplayRectIfNeededIgnoringOpacity:isVisibleRect:rectIsVisibleRectForView:topView:]+0x14e
C  [AppKit+0x19a677]  -[NSView _displayRectIgnoringOpacity:isVisibleRect:rectIsVisibleRectForView:]+0x994
C  [AppKit+0x195f60]  -[NSView displayIfNeeded]+0x6d4
C  [AppKit+0x195873]  -[NSWindow displayIfNeeded]+0xe6
C  [AppKit+0x87ae32]  ___NSWindowGetDisplayCycleObserver_block_invoke.6208+0x115
C  [AppKit+0x195355]  __37+[NSDisplayCycle currentDisplayCycle]_block_invoke+0x1c6
C  [QuartzCore+0x11a4a]  _ZN2CA11Transaction19run_commit_handlersE18CATransactionPhase+0x2e
C  [QuartzCore+0x119270]  _ZN2CA7Context18commit_transactionEPNS_11TransactionE+0xa0
C  [QuartzCore+0x105e5]  _ZN2CA11Transaction6commitEv+0x1db
C  [AppKit+0x46b1cd]  __37+[NSDisplayCycle currentDisplayCycle]_block_invoke.31+0x143
C  [CoreFoundation+0xa6f67]  __CFRUNLOOP_IS_CALLING_OUT_TO_AN_OBSERVER_CALLBACK_FUNCTION__+0x17
C  [CoreFoundation+0xa6ed7]  __CFRunLoopDoObservers+0x187
C  [CoreFoundation+0x87b79]  __CFRunLoopRun+0x369
C  [CoreFoundation+0x875b4]  CFRunLoopRunSpecific+0x1a4
C  [HIToolbox+0x30f6c]  RunCurrentEventLoopInMode+0xf0
C  [HIToolbox+0x30ca9]  ReceiveNextEventCommon+0xb8
C  [HIToolbox+0x30bd6]  _BlockUntilNextEventMatchingListInModeWithFilter+0x47
C  [AppKit+0x475f5]  _DPSNextEvent+0x445
C  [AppKit+0x7578eb]  -[NSApplication(NSEvent) _nextEventMatchingEventMask:untilDate:inMode:dequeue:]+0x665
C  [libosxapp.dylib+0x23aa]  -[NSApplicationAWT nextEventMatchingMask:untilDate:inMode:dequeue:]+0x7c
C  [AppKit+0x3bfbd]  -[NSApplication run]+0x39e
C  [libosxapp.dylib+0x214d]  +[NSApplicationAWT runAWTLoopWithApp:]+0x9c
C  [libawt_lwawt.dylib+0x4455b]  -[AWTStarter starter:]+0x389
C  [Foundation+0x71f2a]  __NSThreadPerformPerform+0x146
C  [CoreFoundation+0xa7551]  __CFRUNLOOP_IS_CALLING_OUT_TO_A_SOURCE0_PERFORM_FUNCTION__+0x11
C  [CoreFoundation+0x886bd]  __CFRunLoopDoSources0+0x22d
C  [CoreFoundation+0x87bb6]  __CFRunLoopRun+0x3a6
C  [CoreFoundation+0x875b4]  CFRunLoopRunSpecific+0x1a4
C  [java+0x6463]  CreateExecutionEnvironment+0x367
C  [java+0x21ac]  JLI_Launch+0x7a0
C  [java+0x84c0]  main+0x65
C  [java+0x1a04]  start+0x34
C  0x0000000000000006


---------------  P R O C E S S  ---------------

Java Threads: ( => current thread )
  0x00007ff792945800 JavaThread "AWT-Shutdown" [_thread_blocked, id=59927, stack(0x00007000071ab000,0x00007000072ab000)]
=>0x00007ff791065800 JavaThread "AppKit Thread" daemon [_thread_in_native, id=2059, stack(0x00007fff5250a000,0x00007fff52d0a000)]
  0x00007ff79280f000 JavaThread "Service Thread" daemon [_thread_blocked, id=18947, stack(0x0000700006fa5000,0x00007000070a5000)]
  0x00007ff79282c000 JavaThread "C1 CompilerThread2" daemon [_thread_blocked, id=18435, stack(0x0000700006ea2000,0x0000700006fa2000)]
  0x00007ff79105e000 JavaThread "C2 CompilerThread1" daemon [_thread_blocked, id=17923, stack(0x0000700006d9f000,0x0000700006e9f000)]
  0x00007ff791046000 JavaThread "C2 CompilerThread0" daemon [_thread_blocked, id=17411, stack(0x0000700006c9c000,0x0000700006d9c000)]
  0x00007ff791045000 JavaThread "Signal Dispatcher" daemon [_thread_blocked, id=16899, stack(0x0000700006b99000,0x0000700006c99000)]
  0x00007ff792800800 JavaThread "Finalizer" daemon [_thread_blocked, id=12803, stack(0x0000700006a96000,0x0000700006b96000)]
  0x00007ff792010800 JavaThread "Reference Handler" daemon [_thread_blocked, id=12291, stack(0x0000700006993000,0x0000700006a93000)]
  0x00007ff792002800 JavaThread "main" [_thread_in_native, id=7427, stack(0x0000700006381000,0x0000700006481000)]

Other Threads:
  0x00007ff79102c000 VMThread [stack: 0x0000700006890000,0x0000700006990000] [id=11779]
  0x00007ff791069000 WatcherThread [stack: 0x00007000070a8000,0x00007000071a8000] [id=19459]

VM state:not at safepoint (normal execution)

VM Mutex/Monitor currently owned by a thread: None

Heap:
 PSYoungGen      total 38400K, used 7054K [0x0000000795580000, 0x0000000798000000, 0x00000007c0000000)
  eden space 33280K, 21% used [0x0000000795580000,0x0000000795c63a90,0x0000000797600000)
  from space 5120K, 0% used [0x0000000797b00000,0x0000000797b00000,0x0000000798000000)
  to   space 5120K, 0% used [0x0000000797600000,0x0000000797600000,0x0000000797b00000)
 ParOldGen       total 87552K, used 0K [0x0000000740000000, 0x0000000745580000, 0x0000000795580000)
  object space 87552K, 0% used [0x0000000740000000,0x0000000740000000,0x0000000745580000)
 Metaspace       used 5871K, capacity 6043K, committed 6400K, reserved 1056768K
  class space    used 598K, capacity 664K, committed 768K, reserved 1048576K

Card table byte_map: [0x000000010ebc0000,0x000000010efc1000] byte_map_base: 0x000000010b1c0000

Marking Bits: (ParMarkBitMap*) 0x000000010d856ea0
 Begin Bits: [0x000000010f26c000, 0x000000011126c000)
 End Bits:   [0x000000011126c000, 0x000000011326c000)

Polling page: 0x000000010df45000

CodeCache: size=245760Kb used=2024Kb max_used=2035Kb free=243735Kb
 bounds [0x0000000115c5a000, 0x0000000115eca000, 0x0000000124c5a000]
 total_blobs=813 nmethods=474 adapters=253
 compilation: enabled

Compilation events (10 events):
Event: 8.552 Thread 0x00007ff79282c000  471       3       java.nio.Bits::int1 (6 bytes)
Event: 8.552 Thread 0x00007ff79282c000 nmethod 471 0x0000000115e52f10 code [0x0000000115e53060, 0x0000000115e53190]
Event: 8.552 Thread 0x00007ff79282c000  472       3       java.nio.Bits::int0 (3 bytes)
Event: 8.552 Thread 0x00007ff79282c000 nmethod 472 0x0000000115e53210 code [0x0000000115e53360, 0x0000000115e53490]
Event: 8.552 Thread 0x00007ff79282c000  468       3       java.nio.HeapByteBuffer::put (16 bytes)
Event: 8.552 Thread 0x00007ff79282c000 nmethod 468 0x0000000115e53510 code [0x0000000115e536a0, 0x0000000115e53a48]
Event: 8.560 Thread 0x00007ff79282c000  473       3       java.nio.Bits::putIntB (43 bytes)
Event: 8.560 Thread 0x00007ff79282c000 nmethod 473 0x0000000115e53c10 code [0x0000000115e53dc0, 0x0000000115e54398]
Event: 9.694 Thread 0x00007ff79105e000  475       4       java.nio.DirectByteBuffer::put (18 bytes)
Event: 9.695 Thread 0x00007ff79105e000 nmethod 475 0x0000000115e575d0 code [0x0000000115e57720, 0x0000000115e577d8]

GC Heap History (0 events):
No events

Deoptimization events (0 events):
No events

Internal exceptions (10 events):
Event: 0.058 Thread 0x00007ff792002800 Exception <a 'java/lang/NoSuchMethodError': Method sun.misc.Unsafe.defineClass(Ljava/lang/String;[BII)Ljava/lang/Class; name or signature does not match> (0x0000000795587cc0) thrown at [/Users/java_re/workspace/8-2-build-macosx-x86_64/jdk8u77/6540/hotspot
Event: 0.058 Thread 0x00007ff792002800 Exception <a 'java/lang/NoSuchMethodError': Method sun.misc.Unsafe.prefetchRead(Ljava/lang/Object;J)V name or signature does not match> (0x0000000795587fa8) thrown at [/Users/java_re/workspace/8-2-build-macosx-x86_64/jdk8u77/6540/hotspot/src/share/vm/prim
Event: 0.246 Thread 0x00007ff792002800 Exception <a 'java/security/PrivilegedActionException'> (0x000000079572c1f0) thrown at [/Users/java_re/workspace/8-2-build-macosx-x86_64/jdk8u77/6540/hotspot/src/share/vm/prims/jvm.cpp, line 1386]
Event: 0.246 Thread 0x00007ff792002800 Exception <a 'java/security/PrivilegedActionException'> (0x000000079572c400) thrown at [/Users/java_re/workspace/8-2-build-macosx-x86_64/jdk8u77/6540/hotspot/src/share/vm/prims/jvm.cpp, line 1386]
Event: 0.246 Thread 0x00007ff792002800 Exception <a 'java/security/PrivilegedActionException'> (0x000000079572f888) thrown at [/Users/java_re/workspace/8-2-build-macosx-x86_64/jdk8u77/6540/hotspot/src/share/vm/prims/jvm.cpp, line 1386]
Event: 0.246 Thread 0x00007ff792002800 Exception <a 'java/security/PrivilegedActionException'> (0x000000079572fa98) thrown at [/Users/java_re/workspace/8-2-build-macosx-x86_64/jdk8u77/6540/hotspot/src/share/vm/prims/jvm.cpp, line 1386]
Event: 0.362 Thread 0x00007ff792002800 Exception <a 'java/lang/NoSuchFieldError': method resolution failed> (0x00000007957fcfd8) thrown at [/Users/java_re/workspace/8-2-build-macosx-x86_64/jdk8u77/6540/hotspot/src/share/vm/prims/methodHandles.cpp, line 1146]
Event: 0.366 Thread 0x00007ff792002800 Exception <a 'java/lang/NoSuchFieldError': method resolution failed> (0x000000079580a728) thrown at [/Users/java_re/workspace/8-2-build-macosx-x86_64/jdk8u77/6540/hotspot/src/share/vm/prims/methodHandles.cpp, line 1146]
Event: 0.865 Thread 0x00007ff792002800 Exception <a 'java/io/FileNotFoundException'> (0x0000000795885e18) thrown at [/Users/java_re/workspace/8-2-build-macosx-x86_64/jdk8u77/6540/hotspot/src/share/vm/prims/jni.cpp, line 709]
Event: 0.866 Thread 0x00007ff792002800 Exception <a 'java/io/FileNotFoundException'> (0x0000000795886980) thrown at [/Users/java_re/workspace/8-2-build-macosx-x86_64/jdk8u77/6540/hotspot/src/share/vm/prims/jni.cpp, line 709]

Events (10 events):
Event: 4.201 Executing VM operation: EnableBiasedLocking
Event: 4.201 Executing VM operation: EnableBiasedLocking done
Event: 4.277 Thread 0x00007ff7911a5000 Thread exited: 0x00007ff7911a5000
Event: 5.761 Thread 0x00007ff7911a6000 Thread added: 0x00007ff7911a6000
Event: 6.763 Executing VM operation: RevokeBias
Event: 6.763 Executing VM operation: RevokeBias done
Event: 6.763 Thread 0x00007ff7911a6000 Thread exited: 0x00007ff7911a6000
Event: 7.890 Thread 0x00007ff792945800 Thread added: 0x00007ff792945800
Event: 9.692 loading class org/lwjgl/opengl/CallbackUtil
Event: 9.692 loading class org/lwjgl/opengl/CallbackUtil done


Dynamic libraries:
0x0000000014a33000 	/System/Library/Frameworks/Cocoa.framework/Versions/A/Cocoa
0x0000000014a33000 	/System/Library/Frameworks/Security.framework/Versions/A/Security
0x0000000014a33000 	/System/Library/Frameworks/ApplicationServices.framework/Versions/A/ApplicationServices
0x0000000014a33000 	/usr/lib/libz.1.dylib
0x0000000014a33000 	/usr/lib/libSystem.B.dylib
0x0000000014a33000 	/usr/lib/libobjc.A.dylib
0x0000000014a33000 	/System/Library/Frameworks/CoreFoundation.framework/Versions/A/CoreFoundation
0x0000000014a33000 	/System/Library/Frameworks/Foundation.framework/Versions/C/Foundation
0x0000000014a33000 	/System/Library/Frameworks/AppKit.framework/Versions/C/AppKit
0x0000000014a33000 	/System/Library/Frameworks/CoreData.framework/Versions/A/CoreData
0x0000000014a33000 	/System/Library/PrivateFrameworks/RemoteViewServices.framework/Versions/A/RemoteViewServices
0x0000000014a33000 	/System/Library/PrivateFrameworks/UIFoundation.framework/Versions/A/UIFoundation
0x0000000014a33000 	/usr/lib/libenergytrace.dylib
0x0000000014a33000 	/System/Library/PrivateFrameworks/SkyLight.framework/Versions/A/SkyLight
0x0000000014a33000 	/System/Library/Frameworks/CoreGraphics.framework/Versions/A/CoreGraphics
0x0000000014a33000 	/usr/lib/libScreenReader.dylib
0x0000000014a33000 	/System/Library/Frameworks/Accelerate.framework/Versions/A/Accelerate
0x0000000014a33000 	/System/Library/Frameworks/IOSurface.framework/Versions/A/IOSurface
0x0000000014a33000 	/System/Library/Frameworks/AudioToolbox.framework/Versions/A/AudioToolbox
0x0000000014a33000 	/System/Library/Frameworks/AudioUnit.framework/Versions/A/AudioUnit
0x0000000014a33000 	/System/Library/PrivateFrameworks/DataDetectorsCore.framework/Versions/A/DataDetectorsCore
0x0000000014a33000 	/System/Library/PrivateFrameworks/DesktopServicesPriv.framework/Versions/A/DesktopServicesPriv
0x0000000014a33000 	/System/Library/Frameworks/Carbon.framework/Versions/A/Frameworks/HIToolbox.framework/Versions/A/HIToolbox
0x0000000014a33000 	/usr/lib/libicucore.A.dylib
0x0000000014a33000 	/System/Library/Frameworks/QuartzCore.framework/Versions/A/QuartzCore
0x0000000014a33000 	/System/Library/Frameworks/Carbon.framework/Versions/A/Frameworks/SpeechRecognition.framework/Versions/A/SpeechRecognition
0x0000000014a33000 	/usr/lib/libauto.dylib
0x0000000014a33000 	/usr/lib/libxml2.2.dylib
0x0000000014a33000 	/System/Library/PrivateFrameworks/CoreUI.framework/Versions/A/CoreUI
0x0000000014a33000 	/System/Library/Frameworks/CoreAudio.framework/Versions/A/CoreAudio
0x0000000014a33000 	/System/Library/Frameworks/DiskArbitration.framework/Versions/A/DiskArbitration
0x0000000014a33000 	/usr/lib/liblangid.dylib
0x0000000014a33000 	/System/Library/PrivateFrameworks/MultitouchSupport.framework/Versions/A/MultitouchSupport
0x0000000014a33000 	/System/Library/Frameworks/IOKit.framework/Versions/A/IOKit
0x0000000014a33000 	/usr/lib/libDiagnosticMessagesClient.dylib
0x0000000014a33000 	/System/Library/Frameworks/CoreServices.framework/Versions/A/CoreServices
0x0000000014a33000 	/System/Library/PrivateFrameworks/PerformanceAnalysis.framework/Versions/A/PerformanceAnalysis
0x0000000014a33000 	/System/Library/PrivateFrameworks/GenerationalStorage.framework/Versions/A/GenerationalStorage
0x0000000014a33000 	/System/Library/Frameworks/OpenGL.framework/Versions/A/OpenGL
0x0000000014a33000 	/System/Library/Frameworks/CoreImage.framework/Versions/A/CoreImage
0x0000000014a33000 	/System/Library/Frameworks/CoreText.framework/Versions/A/CoreText
0x0000000014a33000 	/System/Library/Frameworks/ImageIO.framework/Versions/A/ImageIO
0x0000000014a33000 	/System/Library/PrivateFrameworks/Backup.framework/Versions/A/Backup
0x0000000014a33000 	/usr/lib/libarchive.2.dylib
0x0000000014a33000 	/System/Library/Frameworks/CFNetwork.framework/Versions/A/CFNetwork
0x0000000014a33000 	/System/Library/Frameworks/SystemConfiguration.framework/Versions/A/SystemConfiguration
0x0000000014a33000 	/usr/lib/libCRFSuite.dylib
0x0000000014a33000 	/usr/lib/libc++.1.dylib
0x0000000014a33000 	/usr/lib/libc++abi.dylib
0x0000000014a33000 	/usr/lib/system/libcache.dylib
0x0000000014a33000 	/usr/lib/system/libcommonCrypto.dylib
0x0000000014a33000 	/usr/lib/system/libcompiler_rt.dylib
0x0000000014a33000 	/usr/lib/system/libcopyfile.dylib
0x0000000014a33000 	/usr/lib/system/libcorecrypto.dylib
0x0000000014a33000 	/usr/lib/system/libdispatch.dylib
0x0000000014a33000 	/usr/lib/system/libdyld.dylib
0x0000000014a33000 	/usr/lib/system/libkeymgr.dylib
0x0000000014a33000 	/usr/lib/system/liblaunch.dylib
0x0000000014a33000 	/usr/lib/system/libmacho.dylib
0x0000000014a33000 	/usr/lib/system/libquarantine.dylib
0x0000000014a33000 	/usr/lib/system/libremovefile.dylib
0x0000000014a33000 	/usr/lib/system/libsystem_asl.dylib
0x0000000014a33000 	/usr/lib/system/libsystem_blocks.dylib
0x0000000014a33000 	/usr/lib/system/libsystem_c.dylib
0x0000000014a33000 	/usr/lib/system/libsystem_configuration.dylib
0x0000000014a33000 	/usr/lib/system/libsystem_coreservices.dylib
0x0000000014a33000 	/usr/lib/system/libsystem_coretls.dylib
0x0000000014a33000 	/usr/lib/system/libsystem_dnssd.dylib
0x0000000014a33000 	/usr/lib/system/libsystem_info.dylib
0x0000000014a33000 	/usr/lib/system/libsystem_kernel.dylib
0x0000000014a33000 	/usr/lib/system/libsystem_m.dylib
0x0000000014a33000 	/usr/lib/system/libsystem_malloc.dylib
0x0000000014a33000 	/usr/lib/system/libsystem_network.dylib
0x0000000014a33000 	/usr/lib/system/libsystem_networkextension.dylib
0x0000000014a33000 	/usr/lib/system/libsystem_notify.dylib
0x0000000014a33000 	/usr/lib/system/libsystem_platform.dylib
0x0000000014a33000 	/usr/lib/system/libsystem_pthread.dylib
0x0000000014a33000 	/usr/lib/system/libsystem_sandbox.dylib
0x0000000014a33000 	/usr/lib/system/libsystem_secinit.dylib
0x0000000014a33000 	/usr/lib/system/libsystem_symptoms.dylib
0x0000000014a33000 	/usr/lib/system/libsystem_trace.dylib
0x0000000014a33000 	/usr/lib/system/libunwind.dylib
0x0000000014a33000 	/usr/lib/system/libxpc.dylib
0x0000000014a33000 	/usr/lib/libbsm.0.dylib
0x0000000014a33000 	/usr/lib/system/libkxld.dylib
0x0000000014a33000 	/usr/lib/libcoretls.dylib
0x0000000014a33000 	/usr/lib/libcoretls_cfhelpers.dylib
0x0000000014a33000 	/usr/lib/libxar.1.dylib
0x0000000014a33000 	/usr/lib/libsqlite3.dylib
0x0000000014a33000 	/usr/lib/libpam.2.dylib
0x0000000014a33000 	/usr/lib/libOpenScriptingUtil.dylib
0x0000000014a33000 	/usr/lib/libbz2.1.0.dylib
0x0000000014a33000 	/usr/lib/liblzma.5.dylib
0x0000000014a33000 	/usr/lib/libnetwork.dylib
0x0000000014a33000 	/usr/lib/libpcap.A.dylib
0x0000000014a33000 	/System/Library/Frameworks/CoreServices.framework/Versions/A/Frameworks/FSEvents.framework/Versions/A/FSEvents
0x0000000014a33000 	/System/Library/Frameworks/CoreServices.framework/Versions/A/Frameworks/CarbonCore.framework/Versions/A/CarbonCore
0x0000000014a33000 	/System/Library/Frameworks/CoreServices.framework/Versions/A/Frameworks/Metadata.framework/Versions/A/Metadata
0x0000000014a33000 	/System/Library/Frameworks/CoreServices.framework/Versions/A/Frameworks/OSServices.framework/Versions/A/OSServices
0x0000000014a33000 	/System/Library/Frameworks/CoreServices.framework/Versions/A/Frameworks/SearchKit.framework/Versions/A/SearchKit
0x0000000014a33000 	/System/Library/Frameworks/CoreServices.framework/Versions/A/Frameworks/AE.framework/Versions/A/AE
0x0000000014a33000 	/System/Library/Frameworks/CoreServices.framework/Versions/A/Frameworks/LaunchServices.framework/Versions/A/LaunchServices
0x0000000014a33000 	/System/Library/Frameworks/CoreServices.framework/Versions/A/Frameworks/DictionaryServices.framework/Versions/A/DictionaryServices
0x0000000014a33000 	/System/Library/Frameworks/CoreServices.framework/Versions/A/Frameworks/SharedFileList.framework/Versions/A/SharedFileList
0x0000000014a33000 	/System/Library/Frameworks/NetFS.framework/Versions/A/NetFS
0x0000000014a33000 	/System/Library/PrivateFrameworks/NetAuth.framework/Versions/A/NetAuth
0x0000000014a33000 	/System/Library/PrivateFrameworks/login.framework/Versions/A/Frameworks/loginsupport.framework/Versions/A/loginsupport
0x0000000014a33000 	/System/Library/PrivateFrameworks/TCC.framework/Versions/A/TCC
0x0000000014a33000 	/usr/lib/libmecabra.dylib
0x0000000014a33000 	/System/Library/Frameworks/ApplicationServices.framework/Versions/A/Frameworks/ATS.framework/Versions/A/ATS
0x0000000014a33000 	/System/Library/Frameworks/ApplicationServices.framework/Versions/A/Frameworks/ColorSync.framework/Versions/A/ColorSync
0x0000000014a33000 	/System/Library/Frameworks/ApplicationServices.framework/Versions/A/Frameworks/HIServices.framework/Versions/A/HIServices
0x0000000014a33000 	/System/Library/Frameworks/ApplicationServices.framework/Versions/A/Frameworks/LangAnalysis.framework/Versions/A/LangAnalysis
0x0000000014a33000 	/System/Library/Frameworks/ApplicationServices.framework/Versions/A/Frameworks/PrintCore.framework/Versions/A/PrintCore
0x0000000014a33000 	/System/Library/Frameworks/ApplicationServices.framework/Versions/A/Frameworks/QD.framework/Versions/A/QD
0x0000000014a33000 	/System/Library/Frameworks/ApplicationServices.framework/Versions/A/Frameworks/SpeechSynthesis.framework/Versions/A/SpeechSynthesis
0x0000000014a33000 	/System/Library/Frameworks/Accelerate.framework/Versions/A/Frameworks/vImage.framework/Versions/A/vImage
0x0000000014a33000 	/System/Library/Frameworks/Accelerate.framework/Versions/A/Frameworks/vecLib.framework/Versions/A/vecLib
0x0000000014a33000 	/System/Library/Frameworks/Accelerate.framework/Versions/A/Frameworks/vecLib.framework/Versions/A/libvDSP.dylib
0x0000000014a33000 	/System/Library/Frameworks/Accelerate.framework/Versions/A/Frameworks/vecLib.framework/Versions/A/libBNNS.dylib
0x0000000014a33000 	/System/Library/Frameworks/Accelerate.framework/Versions/A/Frameworks/vecLib.framework/Versions/A/libQuadrature.dylib
0x0000000014a33000 	/System/Library/Frameworks/Accelerate.framework/Versions/A/Frameworks/vecLib.framework/Versions/A/libvMisc.dylib
0x0000000014a33000 	/System/Library/Frameworks/Accelerate.framework/Versions/A/Frameworks/vecLib.framework/Versions/A/libLAPACK.dylib
0x0000000014a33000 	/System/Library/Frameworks/Accelerate.framework/Versions/A/Frameworks/vecLib.framework/Versions/A/libBLAS.dylib
0x0000000014a33000 	/System/Library/Frameworks/Accelerate.framework/Versions/A/Frameworks/vecLib.framework/Versions/A/libLinearAlgebra.dylib
0x0000000014a33000 	/System/Library/Frameworks/Accelerate.framework/Versions/A/Frameworks/vecLib.framework/Versions/A/libSparseBLAS.dylib
0x0000000014a33000 	/System/Library/Frameworks/ApplicationServices.framework/Versions/A/Frameworks/ATS.framework/Versions/A/Resources/libFontParser.dylib
0x0000000014a33000 	/System/Library/Frameworks/ApplicationServices.framework/Versions/A/Frameworks/ATS.framework/Versions/A/Resources/libFontRegistry.dylib
0x0000000014a33000 	/System/Library/Frameworks/ImageIO.framework/Versions/A/Resources/libJPEG.dylib
0x0000000014a33000 	/System/Library/Frameworks/ImageIO.framework/Versions/A/Resources/libTIFF.dylib
0x0000000014a33000 	/System/Library/Frameworks/ImageIO.framework/Versions/A/Resources/libPng.dylib
0x0000000014a33000 	/System/Library/Frameworks/ImageIO.framework/Versions/A/Resources/libGIF.dylib
0x0000000014a33000 	/System/Library/Frameworks/ImageIO.framework/Versions/A/Resources/libJP2.dylib
0x0000000014a33000 	/System/Library/Frameworks/ImageIO.framework/Versions/A/Resources/libRadiance.dylib
0x0000000014a33000 	/usr/lib/libcompression.dylib
0x0000000014a33000 	/System/Library/PrivateFrameworks/AppleJPEG.framework/Versions/A/AppleJPEG
0x0000000014a33000 	/usr/lib/libcups.2.dylib
0x0000000014a33000 	/System/Library/Frameworks/Kerberos.framework/Versions/A/Kerberos
0x0000000014a33000 	/System/Library/Frameworks/GSS.framework/Versions/A/GSS
0x0000000014a33000 	/usr/lib/libresolv.9.dylib
0x0000000014a33000 	/usr/lib/libiconv.2.dylib
0x0000000014a33000 	/System/Library/PrivateFrameworks/Heimdal.framework/Versions/A/Heimdal
0x0000000014a33000 	/usr/lib/libheimdal-asn1.dylib
0x0000000014a33000 	/System/Library/Frameworks/OpenDirectory.framework/Versions/A/OpenDirectory
0x0000000014a33000 	/System/Library/PrivateFrameworks/CommonAuth.framework/Versions/A/CommonAuth
0x0000000014a33000 	/System/Library/Frameworks/OpenDirectory.framework/Versions/A/Frameworks/CFOpenDirectory.framework/Versions/A/CFOpenDirectory
0x0000000014a33000 	/System/Library/Frameworks/SecurityFoundation.framework/Versions/A/SecurityFoundation
0x0000000014a33000 	/System/Library/PrivateFrameworks/LanguageModeling.framework/Versions/A/LanguageModeling
0x0000000014a33000 	/usr/lib/libmarisa.dylib
0x0000000014a33000 	/usr/lib/libChineseTokenizer.dylib
0x0000000014a33000 	/usr/lib/libcmph.dylib
0x0000000014a33000 	/System/Library/PrivateFrameworks/CoreEmoji.framework/Versions/A/CoreEmoji
0x0000000014a33000 	/System/Library/Frameworks/ServiceManagement.framework/Versions/A/ServiceManagement
0x0000000014a33000 	/usr/lib/libxslt.1.dylib
0x0000000014a33000 	/System/Library/Frameworks/Carbon.framework/Versions/A/Frameworks/Ink.framework/Versions/A/Ink
0x0000000014a33000 	/System/Library/PrivateFrameworks/TextureIO.framework/Versions/A/TextureIO
0x0000000014a33000 	/System/Library/Frameworks/Metal.framework/Versions/A/Metal
0x0000000014a33000 	/usr/lib/libate.dylib
0x0000000014a33000 	/System/Library/PrivateFrameworks/GPUCompiler.framework/libmetal_timestamp.dylib
0x0000000014a33000 	/System/Library/Frameworks/OpenGL.framework/Versions/A/Libraries/libCoreFSCache.dylib
0x0000000014a33000 	/System/Library/PrivateFrameworks/IOAccelerator.framework/Versions/A/IOAccelerator
0x0000000014a33000 	/System/Library/Frameworks/CoreVideo.framework/Versions/A/CoreVideo
0x0000000014a33000 	/usr/lib/libFosl_dynamic.dylib
0x0000000014a33000 	/System/Library/PrivateFrameworks/MetalPerformanceShaders.framework/Versions/A/MetalPerformanceShaders
0x0000000014a33000 	/System/Library/PrivateFrameworks/FaceCore.framework/Versions/A/FaceCore
0x0000000014a33000 	/System/Library/Frameworks/OpenCL.framework/Versions/A/OpenCL
0x0000000014a33000 	/System/Library/Frameworks/OpenGL.framework/Versions/A/Libraries/libGLU.dylib
0x0000000014a33000 	/System/Library/Frameworks/OpenGL.framework/Versions/A/Libraries/libGFXShared.dylib
0x0000000014a33000 	/System/Library/Frameworks/OpenGL.framework/Versions/A/Libraries/libGL.dylib
0x0000000014a33000 	/System/Library/Frameworks/OpenGL.framework/Versions/A/Libraries/libGLImage.dylib
0x0000000014a33000 	/System/Library/Frameworks/OpenGL.framework/Versions/A/Libraries/libCVMSPluginSupport.dylib
0x0000000014a33000 	/System/Library/Frameworks/OpenGL.framework/Versions/A/Libraries/libCoreVMClient.dylib
0x0000000014a33000 	/System/Library/PrivateFrameworks/CrashReporterSupport.framework/Versions/A/CrashReporterSupport
0x0000000014a33000 	/System/Library/PrivateFrameworks/Sharing.framework/Versions/A/Sharing
0x0000000014a33000 	/System/Library/PrivateFrameworks/IconServices.framework/Versions/A/IconServices
0x0000000014a33000 	/System/Library/PrivateFrameworks/ProtocolBuffer.framework/Versions/A/ProtocolBuffer
0x0000000014a33000 	/System/Library/PrivateFrameworks/Apple80211.framework/Versions/A/Apple80211
0x0000000014a33000 	/System/Library/Frameworks/CoreWLAN.framework/Versions/A/CoreWLAN
0x0000000014a33000 	/System/Library/PrivateFrameworks/CoreUtils.framework/Versions/A/CoreUtils
0x0000000014a33000 	/System/Library/Frameworks/IOBluetooth.framework/Versions/A/IOBluetooth
0x0000000014a33000 	/System/Library/PrivateFrameworks/CoreWiFi.framework/Versions/A/CoreWiFi
0x0000000014a33000 	/System/Library/Frameworks/CoreBluetooth.framework/Versions/A/CoreBluetooth
0x0000000014a33000 	/System/Library/Frameworks/CoreDisplay.framework/Versions/A/CoreDisplay
0x0000000014a33000 	/System/Library/PrivateFrameworks/IOPresentment.framework/Versions/A/IOPresentment
0x0000000014a33000 	/System/Library/PrivateFrameworks/DebugSymbols.framework/Versions/A/DebugSymbols
0x0000000014a33000 	/System/Library/PrivateFrameworks/CoreSymbolication.framework/Versions/A/CoreSymbolication
0x0000000014a33000 	/System/Library/PrivateFrameworks/Symbolication.framework/Versions/A/Symbolication
0x0000000014a33000 	/System/Library/PrivateFrameworks/AppleFSCompression.framework/Versions/A/AppleFSCompression
0x0000000014a33000 	/System/Library/PrivateFrameworks/SpeechRecognitionCore.framework/Versions/A/SpeechRecognitionCore
0x0000000014a33000 	/System/Library/PrivateFrameworks/ChunkingLibrary.framework/Versions/A/ChunkingLibrary
0x000000010cf73000 	/Library/Java/JavaVirtualMachines/jdk1.8.0_77.jdk/Contents/Home/jre/lib/server/libjvm.dylib
0x0000000014a33000 	/usr/lib/libstdc++.6.dylib
0x000000010df02000 	/Library/Java/JavaVirtualMachines/jdk1.8.0_77.jdk/Contents/Home/jre/lib/libverify.dylib
0x000000010df10000 	/Library/Java/JavaVirtualMachines/jdk1.8.0_77.jdk/Contents/Home/jre/lib/libjava.dylib
0x000000010df4f000 	/Library/Java/JavaVirtualMachines/jdk1.8.0_77.jdk/Contents/Home/jre/lib/libzip.dylib
0x00000001150c1000 	/System/Library/Frameworks/JavaVM.framework/Frameworks/JavaRuntimeSupport.framework/JavaRuntimeSupport
0x00000001150db000 	/System/Library/Frameworks/JavaVM.framework/Versions/A/Frameworks/JavaNativeFoundation.framework/Versions/A/JavaNativeFoundation
0x00000001150f0000 	/System/Library/Frameworks/JavaVM.framework/Versions/A/JavaVM
0x0000000014a33000 	/System/Library/Frameworks/Carbon.framework/Versions/A/Carbon
0x00000001150fd000 	/System/Library/PrivateFrameworks/JavaLaunching.framework/Versions/A/JavaLaunching
0x0000000014a33000 	/System/Library/Frameworks/Carbon.framework/Versions/A/Frameworks/CommonPanels.framework/Versions/A/CommonPanels
0x0000000014a33000 	/System/Library/Frameworks/Carbon.framework/Versions/A/Frameworks/Help.framework/Versions/A/Help
0x0000000014a33000 	/System/Library/Frameworks/Carbon.framework/Versions/A/Frameworks/ImageCapture.framework/Versions/A/ImageCapture
0x0000000014a33000 	/System/Library/Frameworks/Carbon.framework/Versions/A/Frameworks/OpenScripting.framework/Versions/A/OpenScripting
0x0000000014a33000 	/System/Library/Frameworks/Carbon.framework/Versions/A/Frameworks/Print.framework/Versions/A/Print
0x0000000014a33000 	/System/Library/Frameworks/Carbon.framework/Versions/A/Frameworks/SecurityHI.framework/Versions/A/SecurityHI
0x0000000115180000 	/Library/Java/JavaVirtualMachines/jdk1.8.0_77.jdk/Contents/Home/jre/lib/libawt.dylib
0x0000000115228000 	/Library/Java/JavaVirtualMachines/jdk1.8.0_77.jdk/Contents/Home/jre/lib/./libmlib_image.dylib
0x00000001152f4000 	/Library/Java/JavaVirtualMachines/jdk1.8.0_77.jdk/Contents/Home/jre/lib/libawt_lwawt.dylib
0x00000001153a9000 	/Library/Java/JavaVirtualMachines/jdk1.8.0_77.jdk/Contents/Home/jre/lib/./libosxapp.dylib
0x0000000014a33000 	/System/Library/Frameworks/ExceptionHandling.framework/Versions/A/ExceptionHandling
0x0000000014a33000 	/System/Library/PrivateFrameworks/CoreServicesInternal.framework/Versions/A/CoreServicesInternal
0x0000000014a33000 	/System/Library/CoreServices/RawCamera.bundle/Contents/MacOS/RawCamera
0x0000000014a33000 	/System/Library/Frameworks/Accelerate.framework/Versions/A/Frameworks/vImage.framework/Versions/A/Libraries/libCGInterfaces.dylib
0x0000000014a33000 	/System/Library/Frameworks/ApplicationServices.framework/Versions/A/Frameworks/ATS.framework/Versions/A/Resources/libTrueTypeScaler.dylib
0x0000000014a33000 	/System/Library/Frameworks/OpenGL.framework/Versions/A/Resources/GLEngine.bundle/GLEngine
0x0000000014a33000 	/System/Library/Frameworks/OpenGL.framework/Versions/A/Libraries/libGLProgrammability.dylib
0x0000000127c53000 	/System/Library/Extensions/AppleIntelBDWGraphicsGLDriver.bundle/Contents/MacOS/AppleIntelBDWGraphicsGLDriver
0x0000000014a33000 	/System/Library/PrivateFrameworks/GPUSupport.framework/Versions/A/Libraries/libGPUSupportMercury.dylib
0x0000000014a33000 	/System/Library/Frameworks/OpenGL.framework/Versions/A/Resources/GLRendererFloat.bundle/GLRendererFloat
0x0000000014a33000 	/System/Library/Frameworks/OpenCL.framework/Versions/A/Libraries/libcldcpuengine.dylib
0x0000000014a33000 	/usr/lib/libcrypto.0.9.8.dylib
0x0000000014a33000 	/System/Library/PrivateFrameworks/TrustEvaluationAgent.framework/Versions/A/TrustEvaluationAgent
0x00000001283cd000 	/System/Library/Extensions/AppleIntelBDWGraphicsMTLDriver.bundle/Contents/MacOS/AppleIntelBDWGraphicsMTLDriver
0x0000000014a33000 	/System/Library/PrivateFrameworks/FamilyControls.framework/Versions/A/FamilyControls
0x0000000014a33000 	/System/Library/PrivateFrameworks/CommerceKit.framework/Versions/A/Frameworks/CommerceCore.framework/Versions/A/CommerceCore
0x0000000014a33000 	/System/Library/PrivateFrameworks/SystemAdministration.framework/Versions/A/SystemAdministration
0x0000000014a33000 	/System/Library/PrivateFrameworks/AppContainer.framework/Versions/A/AppContainer
0x0000000014a33000 	/System/Library/PrivateFrameworks/SecCodeWrapper.framework/Versions/A/SecCodeWrapper
0x0000000014a33000 	/System/Library/Frameworks/DirectoryService.framework/Versions/A/DirectoryService
0x0000000014a33000 	/System/Library/PrivateFrameworks/DiskImages.framework/Versions/A/DiskImages
0x0000000014a33000 	/System/Library/PrivateFrameworks/LoginUIKit.framework/Versions/A/Frameworks/LoginUICore.framework/Versions/A/LoginUICore
0x0000000014a33000 	/usr/lib/libCoreStorage.dylib
0x0000000014a33000 	/usr/lib/libcsfde.dylib
0x0000000014a33000 	/usr/lib/libodfde.dylib
0x0000000014a33000 	/System/Library/Frameworks/DiscRecording.framework/Versions/A/DiscRecording
0x0000000014a33000 	/usr/lib/libcurl.4.dylib
0x0000000014a33000 	/System/Library/PrivateFrameworks/MediaKit.framework/Versions/A/MediaKit
0x0000000014a33000 	/System/Library/PrivateFrameworks/ProtectedCloudStorage.framework/Versions/A/ProtectedCloudStorage
0x0000000014a33000 	/System/Library/PrivateFrameworks/EFILogin.framework/Versions/A/EFILogin
0x0000000014a33000 	/usr/lib/libutil.dylib
0x0000000014a33000 	/System/Library/Frameworks/LDAP.framework/Versions/A/LDAP
0x0000000014a33000 	/usr/lib/libsasl2.2.dylib
0x0000000014a33000 	/System/Library/PrivateFrameworks/CoreDaemon.framework/Versions/B/CoreDaemon
0x0000000014a33000 	/System/Library/PrivateFrameworks/AppleSRP.framework/Versions/A/AppleSRP
0x0000000014a33000 	/System/Library/PrivateFrameworks/APFS.framework/Versions/A/APFS
0x0000000129894000 	/Library/Java/JavaVirtualMachines/jdk1.8.0_77.jdk/Contents/Home/jre/lib/libfontmanager.dylib
0x00000001298fb000 	/Users/andyliang/Downloads/lwjgl-2.9.2/native/macosx/liblwjgl.dylib
0x0000000115979000 	/Library/Java/JavaVirtualMachines/jdk1.8.0_77.jdk/Contents/Home/jre/lib/libjawt.dylib
0x0000000014a33000 	/System/Library/PrivateFrameworks/ViewBridge.framework/Versions/A/ViewBridge
0x0000000014a33000 	/System/Library/PrivateFrameworks/XPCService.framework/Versions/A/XPCService
0x0000000014a33000 	/System/Library/PrivateFrameworks/AppSandbox.framework/Versions/A/AppSandbox
0x0000000014a33000 	/usr/lib/libsandbox.1.dylib
0x0000000014a33000 	/usr/lib/libMatch.1.dylib

VM Arguments:
jvm_args: -Dfile.encoding=UTF-8 -Djava.library.path=/Users/andyliang/Downloads/lwjgl-2.9.2/native/macosx 
java_command: program.pkg1.Program1
java_class_path (initial): /Users/andyliang/Downloads/lwjgl-2.9.2/jar/jinput.jar:/Users/andyliang/Downloads/lwjgl-2.9.2/jar/lwjgl.jar:/Users/andyliang/Downloads/lwjgl-2.9.2/jar/lwjgl_util.jar:/Users/andyliang/Downloads/lwjgl-2.9.2/jar/AppleJavaExtensions.jar:/Users/andyliang/Downloads/lwjgl-2.9.2/jar/asm-debug-all.jar:/Users/andyliang/Downloads/lwjgl-2.9.2/jar/lwjgl-debug.jar:/Users/andyliang/Downloads/lwjgl-2.9.2/jar/lwjgl_test.jar:/Users/andyliang/Downloads/lwjgl-2.9.2/jar/lwjgl_util_applet.jar:/Users/andyliang/Downloads/lwjgl-2.9.2/jar/lzma.jar:/Users/andyliang/NetBeansProjects/Program_1/build/classes
Launcher Type: SUN_STANDARD

Environment Variables:
PATH=/usr/bin:/bin:/usr/sbin:/sbin
LD_LIBRARY_PATH=/Library/Java/JavaVirtualMachines/jdk1.8.0_77.jdk/Contents/Home/jre/lib/amd64:/Library/Java/JavaVirtualMachines/jdk1.8.0_77.jdk/Contents/Home/jre/lib/i386:
SHELL=/bin/bash

Signal Handlers:
SIGSEGV: [libjvm.dylib+0x5a6855], sa_mask[0]=11111111011111110111111111111111, sa_flags=SA_ONSTACK|SA_RESTART|SA_SIGINFO
SIGBUS: [libjvm.dylib+0x5a6855], sa_mask[0]=11111111011111110111111111111111, sa_flags=SA_RESTART|SA_SIGINFO
SIGFPE: [libjvm.dylib+0x4804ec], sa_mask[0]=11111111011111110111111111111111, sa_flags=SA_RESTART|SA_SIGINFO
SIGPIPE: [libjvm.dylib+0x4804ec], sa_mask[0]=11111111011111110111111111111111, sa_flags=SA_RESTART|SA_SIGINFO
SIGXFSZ: [libjvm.dylib+0x4804ec], sa_mask[0]=11111111011111110111111111111111, sa_flags=SA_RESTART|SA_SIGINFO
SIGILL: [libjvm.dylib+0x4804ec], sa_mask[0]=11111111011111110111111111111111, sa_flags=SA_RESTART|SA_SIGINFO
SIGUSR1: SIG_DFL, sa_mask[0]=00000000000000000000000000000000, sa_flags=none
SIGUSR2: [libjvm.dylib+0x48000a], sa_mask[0]=00100000000000000000000000000000, sa_flags=SA_RESTART|SA_SIGINFO
SIGHUP: [libjvm.dylib+0x47e5e1], sa_mask[0]=11111111011111110111111111111111, sa_flags=SA_RESTART|SA_SIGINFO
SIGINT: SIG_IGN, sa_mask[0]=00000000000000000000000000000000, sa_flags=none
SIGTERM: [libjvm.dylib+0x47e5e1], sa_mask[0]=11111111011111110111111111111111, sa_flags=SA_RESTART|SA_SIGINFO
SIGQUIT: [libjvm.dylib+0x47e5e1], sa_mask[0]=11111111011111110111111111111111, sa_flags=SA_RESTART|SA_SIGINFO


---------------  S Y S T E M  ---------------

OS:Bsduname:Darwin 16.0.0 Darwin Kernel Version 16.0.0: Mon Aug 29 17:56:20 PDT 2016; root:xnu-3789.1.32~3/RELEASE_X86_64 x86_64
rlimit: STACK 8192k, CORE 0k, NPROC 709, NOFILE 10240, AS infinity
load average:1.91 1.61 1.58

CPU:total 4 (2 cores per cpu, 2 threads per core) family 6 model 61 stepping 4, cmov, cx8, fxsr, mmx, sse, sse2, sse3, ssse3, sse4.1, sse4.2, popcnt, avx, avx2, aes, clmul, erms, 3dnowpref, lzcnt, ht, tsc, tscinvbit, bmi1, bmi2, adx

Memory: 4k page, physical 8388608k(64156k free)

/proc/meminfo:


vm_info: Java HotSpot(TM) 64-Bit Server VM (25.77-b03) for bsd-amd64 JRE (1.8.0_77-b03), built on Mar 20 2016 22:14:03 by "java_re" with gcc 4.2.1 (Based on Apple Inc. build 5658) (LLVM build 2336.11.00)

time: Tue Apr  4 15:10:18 2017
elapsed time: 9 seconds (0d 0h 0m 9s)

